Given maze:
 *  .  .  .  .  .  .  .  .  .
 .  .  .  .  .  .  .  .  .  .
 .  .  .  .  .  .  .  .  .  .
 .  .  .  .  .  .  .  .  .  .
 .  .  .  .  .  .  .  .  .  .
 .  .  .  .  .  .  .  .  .  .
 .  .  .  .  .  .  .  .  .  .
 .  .  .  .  .  .  .  .  .  .
 .  .  .  .  .  .  .  .  .  .
 .  .  .  .  .  .  .  .  .  o

0 Turn: (Hit ENTER to explore next)
 *  .  .  .  .  .  .  .  .  .
 .  .  .  .  .  .  .  .  .  .
 .  .  .  .  .  .  .  .  .  .
 .  .  .  .  .  .  .  .  .  .
 .  .  .  .  .  .  .  .  .  .
 .  .  .  .  .  .  .  .  .  .
 .  .  .  .  .  .  .  .  .  .
 .  .  .  .  .  .  .  .  .  .
 .  .  .  .  .  .  .  .  .  .
 .  .  .  .  .  .  .  .  .  0

1 Turn: (Hit ENTER to explore next)
 *  .  .  .  .  .  .  .  .  .
 .  .  .  .  .  .  .  .  .  .
 .  .  .  .  .  .  .  .  .  .
 .  .  .  .  .  .  .  .  .  .
 .  .  .  .  .  .  .  .  .  .
 .  .  .  .  .  .  .  .  .  .
 .  .  .  .  .  .  .  .  .  .
 .  .  .  .  .  .  .  .  .  .
 .  .  .  .  .  .  .  .  .  .
 .  .  .  .  .  .  .  .  1  0

2 Turn: (Hit ENTER to explore next)
 *  .  .  .  .  .  .  .  .  .
 .  .  .  .  .  .  .  .  .  .
 .  .  .  .  .  .  .  .  .  .
 .  .  .  .  .  .  .  .  .  .
 .  .  .  .  .  .  .  .  .  .
 .  .  .  .  .  .  .  .  .  .
 .  .  .  .  .  .  .  .  .  .
 .  .  .  .  .  .  .  .  .  .
 .  .  .  .  .  .  .  .  2  .
 .  .  .  .  .  .  .  .  1  0

3 Turn: (Hit ENTER to explore next)
 *  .  .  .  .  .  .  .  .  .
 .  .  .  .  .  .  .  .  .  .
 .  .  .  .  .  .  .  .  .  .
 .  .  .  .  .  .  .  .  .  .
 .  .  .  .  .  .  .  .  .  .
 .  .  .  .  .  .  .  .  .  .
 .  .  .  .  .  .  .  .  .  .
 .  .  .  .  .  .  .  .  .  .
 .  .  .  .  .  .  .  3  2  .
 .  .  .  .  .  .  .  .  1  0

4 Turn: (Hit ENTER to explore next)
 *  .  .  .  .  .  .  .  .  .
 .  .  .  .  .  .  .  .  .  .
 .  .  .  .  .  .  .  .  .  .
 .  .  .  .  .  .  .  .  .  .
 .  .  .  .  .  .  .  .  .  .
 .  .  .  .  .  .  .  .  .  .
 .  .  .  .  .  .  .  .  .  .
 .  .  .  .  .  .  .  4  .  .
 .  .  .  .  .  .  .  3  2  .
 .  .  .  .  .  .  .  .  1  0

5 Turn: (Hit ENTER to explore next)
 *  .  .  .  .  .  .  .  .  .
 .  .  .  .  .  .  .  .  .  .
 .  .  .  .  .  .  .  .  .  .
 .  .  .  .  .  .  .  .  .  .
 .  .  .  .  .  .  .  .  .  .
 .  .  .  .  .  .  .  .  .  .
 .  .  .  .  .  .  .  .  .  .
 .  .  .  .  .  .  5  4  .  .
 .  .  .  .  .  .  .  3  2  .
 .  .  .  .  .  .  .  .  1  0

6 Turn: (Hit ENTER to explore next)
 *  .  .  .  .  .  .  .  .  .
 .  .  .  .  .  .  .  .  .  .
 .  .  .  .  .  .  .  .  .  .
 .  .  .  .  .  .  .  .  .  .
 .  .  .  .  .  .  .  .  .  .
 .  .  .  .  .  .  .  .  .  .
 .  .  .  .  .  .  6  .  .  .
 .  .  .  .  .  .  5  4  .  .
 .  .  .  .  .  .  .  3  2  .
 .  .  .  .  .  .  .  .  1  0

7 Turn: (Hit ENTER to explore next)
 *  .  .  .  .  .  .  .  .  .
 .  .  .  .  .  .  .  .  .  .
 .  .  .  .  .  .  .  .  .  .
 .  .  .  .  .  .  .  .  .  .
 .  .  .  .  .  .  .  .  .  .
 .  .  .  .  .  .  .  .  .  .
 .  .  .  .  .  7  6  .  .  .
 .  .  .  .  .  .  5  4  .  .
 .  .  .  .  .  .  .  3  2  .
 .  .  .  .  .  .  .  .  1  0

8 Turn: (Hit ENTER to explore next)
 *  .  .  .  .  .  .  .  .  .
 .  .  .  .  .  .  .  .  .  .
 .  .  .  .  .  .  .  .  .  .
 .  .  .  .  .  .  .  .  .  .
 .  .  .  .  .  .  .  .  .  .
 .  .  .  .  .  8  .  .  .  .
 .  .  .  .  .  7  6  .  .  .
 .  .  .  .  .  .  5  4  .  .
 .  .  .  .  .  .  .  3  2  .
 .  .  .  .  .  .  .  .  1  0

9 Turn: (Hit ENTER to explore next)
 *  .  .  .  .  .  .  .  .  .
 .  .  .  .  .  .  .  .  .  .
 .  .  .  .  .  .  .  .  .  .
 .  .  .  .  .  .  .  .  .  .
 .  .  .  .  .  .  .  .  .  .
 .  .  .  .  9  8  .  .  .  .
 .  .  .  .  .  7  6  .  .  .
 .  .  .  .  .  .  5  4  .  .
 .  .  .  .  .  .  .  3  2  .
 .  .  .  .  .  .  .  .  1  0

10 Turn: (Hit ENTER to explore next)
 *  .  .  .  .  .  .  .  .  .
 .  .  .  .  .  .  .  .  .  .
 .  .  .  .  .  .  .  .  .  .
 .  .  .  .  .  .  .  .  .  .
 .  .  .  . 10  .  .  .  .  .
 .  .  .  .  9  8  .  .  .  .
 .  .  .  .  .  7  6  .  .  .
 .  .  .  .  .  .  5  4  .  .
 .  .  .  .  .  .  .  3  2  .
 .  .  .  .  .  .  .  .  1  0

11 Turn: (Hit ENTER to explore next)
 *  .  .  .  .  .  .  .  .  .
 .  .  .  .  .  .  .  .  .  .
 .  .  .  .  .  .  .  .  .  .
 .  .  .  .  .  .  .  .  .  .
 .  .  .  . 10 11  .  .  .  .
 .  .  .  .  9  8  .  .  .  .
 .  .  .  .  .  7  6  .  .  .
 .  .  .  .  .  .  5  4  .  .
 .  .  .  .  .  .  .  3  2  .
 .  .  .  .  .  .  .  .  1  0

12 Turn: (Hit ENTER to explore next)
 *  .  .  .  .  .  .  .  .  .
 .  .  .  .  .  .  .  .  .  .
 .  .  .  .  .  .  .  .  .  .
 .  .  .  .  .  .  .  .  .  .
 .  .  . 12 10 11  .  .  .  .
 .  .  .  .  9  8  .  .  .  .
 .  .  .  .  .  7  6  .  .  .
 .  .  .  .  .  .  5  4  .  .
 .  .  .  .  .  .  .  3  2  .
 .  .  .  .  .  .  .  .  1  0

13 Turn: (Hit ENTER to explore next)
 *  .  .  .  .  .  .  .  .  .
 .  .  .  .  .  .  .  .  .  .
 .  .  .  .  .  .  .  .  .  .
 .  .  . 13  .  .  .  .  .  .
 .  .  . 12 10 11  .  .  .  .
 .  .  .  .  9  8  .  .  .  .
 .  .  .  .  .  7  6  .  .  .
 .  .  .  .  .  .  5  4  .  .
 .  .  .  .  .  .  .  3  2  .
 .  .  .  .  .  .  .  .  1  0

14 Turn: (Hit ENTER to explore next)
 *  .  .  .  .  .  .  .  .  .
 .  .  .  .  .  .  .  .  .  .
 .  .  .  .  .  .  .  .  .  .
 .  .  . 13 14  .  .  .  .  .
 .  .  . 12 10 11  .  .  .  .
 .  .  .  .  9  8  .  .  .  .
 .  .  .  .  .  7  6  .  .  .
 .  .  .  .  .  .  5  4  .  .
 .  .  .  .  .  .  .  3  2  .
 .  .  .  .  .  .  .  .  1  0

15 Turn: (Hit ENTER to explore next)
 *  .  .  .  .  .  .  .  .  .
 .  .  .  .  .  .  .  .  .  .
 .  .  .  .  .  .  .  .  .  .
 .  .  . 13 14  .  .  .  .  .
 .  .  . 12 10 11  .  .  .  .
 .  .  .  .  9  8 15  .  .  .
 .  .  .  .  .  7  6  .  .  .
 .  .  .  .  .  .  5  4  .  .
 .  .  .  .  .  .  .  3  2  .
 .  .  .  .  .  .  .  .  1  0

16 Turn: (Hit ENTER to explore next)
 *  .  .  .  .  .  .  .  .  .
 .  .  .  .  .  .  .  .  .  .
 .  .  .  .  .  .  .  .  .  .
 .  . 16 13 14  .  .  .  .  .
 .  .  . 12 10 11  .  .  .  .
 .  .  .  .  9  8 15  .  .  .
 .  .  .  .  .  7  6  .  .  .
 .  .  .  .  .  .  5  4  .  .
 .  .  .  .  .  .  .  3  2  .
 .  .  .  .  .  .  .  .  1  0

17 Turn: (Hit ENTER to explore next)
 *  .  .  .  .  .  .  .  .  .
 .  .  .  .  .  .  .  .  .  .
 .  . 17  .  .  .  .  .  .  .
 .  . 16 13 14  .  .  .  .  .
 .  .  . 12 10 11  .  .  .  .
 .  .  .  .  9  8 15  .  .  .
 .  .  .  .  .  7  6  .  .  .
 .  .  .  .  .  .  5  4  .  .
 .  .  .  .  .  .  .  3  2  .
 .  .  .  .  .  .  .  .  1  0

18 Turn: (Hit ENTER to explore next)
 *  .  .  .  .  .  .  .  .  .
 .  .  .  .  .  .  .  .  .  .
 .  . 17 18  .  .  .  .  .  .
 .  . 16 13 14  .  .  .  .  .
 .  .  . 12 10 11  .  .  .  .
 .  .  .  .  9  8 15  .  .  .
 .  .  .  .  .  7  6  .  .  .
 .  .  .  .  .  .  5  4  .  .
 .  .  .  .  .  .  .  3  2  .
 .  .  .  .  .  .  .  .  1  0

19 Turn: (Hit ENTER to explore next)
 *  .  .  .  .  .  .  .  .  .
 .  .  .  .  .  .  .  .  .  .
 .  . 17 18  .  .  .  .  .  .
 .  . 16 13 14  .  .  .  .  .
 .  .  . 12 10 11  .  .  .  .
 .  .  .  .  9  8 15  .  .  .
 .  .  .  .  .  7  6 19  .  .
 .  .  .  .  .  .  5  4  .  .
 .  .  .  .  .  .  .  3  2  .
 .  .  .  .  .  .  .  .  1  0

20 Turn: (Hit ENTER to explore next)
 *  .  .  .  .  .  .  .  .  .
 .  .  .  .  .  .  .  .  .  .
 . 20 17 18  .  .  .  .  .  .
 .  . 16 13 14  .  .  .  .  .
 .  .  . 12 10 11  .  .  .  .
 .  .  .  .  9  8 15  .  .  .
 .  .  .  .  .  7  6 19  .  .
 .  .  .  .  .  .  5  4  .  .
 .  .  .  .  .  .  .  3  2  .
 .  .  .  .  .  .  .  .  1  0

21 Turn: (Hit ENTER to explore next)
 *  .  .  .  .  .  .  .  .  .
 . 21  .  .  .  .  .  .  .  .
 . 20 17 18  .  .  .  .  .  .
 .  . 16 13 14  .  .  .  .  .
 .  .  . 12 10 11  .  .  .  .
 .  .  .  .  9  8 15  .  .  .
 .  .  .  .  .  7  6 19  .  .
 .  .  .  .  .  .  5  4  .  .
 .  .  .  .  .  .  .  3  2  .
 .  .  .  .  .  .  .  .  1  0

22 Turn: (Hit ENTER to explore next)
 *  .  .  .  .  .  .  .  .  .
 . 21 22  .  .  .  .  .  .  .
 . 20 17 18  .  .  .  .  .  .
 .  . 16 13 14  .  .  .  .  .
 .  .  . 12 10 11  .  .  .  .
 .  .  .  .  9  8 15  .  .  .
 .  .  .  .  .  7  6 19  .  .
 .  .  .  .  .  .  5  4  .  .
 .  .  .  .  .  .  .  3  2  .
 .  .  .  .  .  .  .  .  1  0

23 Turn: (Hit ENTER to explore next)
 *  .  .  .  .  .  .  .  .  .
 . 21 22  .  .  .  .  .  .  .
 . 20 17 18  .  .  .  .  .  .
 .  . 16 13 14  .  .  .  .  .
 .  .  . 12 10 11  .  .  .  .
 .  .  .  .  9  8 15  .  .  .
 .  .  .  .  .  7  6 19  .  .
 .  .  .  .  .  .  5  4 23  .
 .  .  .  .  .  .  .  3  2  .
 .  .  .  .  .  .  .  .  1  0

24 Turn: (Hit ENTER to explore next)
 *  .  .  .  .  .  .  .  .  .
24 21 22  .  .  .  .  .  .  .
 . 20 17 18  .  .  .  .  .  .
 .  . 16 13 14  .  .  .  .  .
 .  .  . 12 10 11  .  .  .  .
 .  .  .  .  9  8 15  .  .  .
 .  .  .  .  .  7  6 19  .  .
 .  .  .  .  .  .  5  4 23  .
 .  .  .  .  .  .  .  3  2  .
 .  .  .  .  .  .  .  .  1  0

25 Turn: (Hit ENTER to explore next)
Found the goal!

25  .  .  .  .  .  .  .  .  .
24 21 22  .  .  .  .  .  .  .
 . 20 17 18  .  .  .  .  .  .
 .  . 16 13 14  .  .  .  .  .
 .  .  . 12 10 11  .  .  .  .
 .  .  .  .  9  8 15  .  .  .
 .  .  .  .  .  7  6 19  .  .
 .  .  .  .  .  .  5  4 23  .
 .  .  .  .  .  .  .  3  2  .
 .  .  .  .  .  .  .  .  1  0

SHOTEST PATH:
 *  .  .  .  .  .  .  .  .  .
 x  x  .  .  .  .  .  .  .  .
 .  x  x  .  .  .  .  .  .  .
 .  .  x  x  .  .  .  .  .  .
 .  .  .  x  x  .  .  .  .  .
 .  .  .  .  x  x  .  .  .  .
 .  .  .  .  .  x  x  .  .  .
 .  .  .  .  .  .  x  x  .  .
 .  .  .  .  .  .  .  x  x  .
 .  .  .  .  .  .  .  .  x  o

